<?xml version="1.0" encoding="UTF-8"?>
<!-- Generated by org.testng.reporters.JUnitReportReporter -->
<testsuite hostname="SystemGilbert" failures="0" tests="1" name="defaultPackage.GoogleTest" time="1.554" errors="0" timestamp="2024-11-15T13:26:33 CST" skipped="0">
  <testcase classname="defaultPackage.GoogleTest" name="pruebaGoogle" time="1.554"/>
  <system-out/>
</testsuite> <!-- defaultPackage.GoogleTest -->
