<?xml version="1.0" encoding="UTF-8"?>
<!-- Generated by org.testng.reporters.JUnitReportReporter -->
<testsuite hostname="SystemGilbert" failures="0" tests="3" name="defaultPackage.BrowserTest" time="29.588" errors="0" timestamp="2024-11-15T11:38:34 CST" skipped="0">
  <testcase classname="defaultPackage.BrowserTest" name="openBrowserAndGoogleTest" time="10.713"/>
  <system-out/>
  <testcase classname="defaultPackage.BrowserTest" name="openBrowserAndGoogleTest" time="9.157"/>
  <system-out/>
  <testcase classname="defaultPackage.BrowserTest" name="openBrowserAndGoogleTest" time="9.718"/>
  <system-out/>
</testsuite> <!-- defaultPackage.BrowserTest -->
