<?xml version="1.0" encoding="UTF-8"?>
<!-- Generated by org.testng.reporters.JUnitReportReporter -->
<testsuite hostname="SystemGilbert" failures="0" tests="1" name="defaultPackage.classMain" time="9.378" errors="0" timestamp="2024-10-21T13:47:05 CST" skipped="0">
  <testcase classname="defaultPackage.classMain" name="testers" time="9.378"/>
  <system-out/>
</testsuite> <!-- defaultPackage.classMain -->
